<?xml version="1.0" encoding="UTF-8"?>
<!-- Generated by org.testng.reporters.JUnitReportReporter -->
<testsuite skipped="0" hostname="adminstrator-Latitude-3450" name="Automation.Test1" tests="1" failures="0" timestamp="28 Jul 2018 09:55:35 GMT" time="0.014" errors="0">
  <testcase name="test" time="0.014" classname="Automation.Test1"/>
</testsuite> <!-- Automation.Test1 -->
