<?xml version="1.0" encoding="UTF-8"?>
<!-- Generated by org.testng.reporters.JUnitReportReporter -->
<testsuite skipped="0" hostname="adminstrator-Latitude-3450" name="testscrpt.Logintc" tests="1" failures="0" timestamp="22 Sep 2018 16:37:35 GMT" time="41.431" errors="0">
  <testcase name="Verifyonedirectloginfunctionality" time="41.431" classname="testscrpt.Logintc"/>
</testsuite> <!-- testscrpt.Logintc -->
