<?xml version="1.0" encoding="UTF-8"?>
<!-- Generated by org.testng.reporters.JUnitReportReporter -->
<testsuite skipped="0" hostname="adminstrator-Latitude-3450" name="Automation.Datang" tests="3" failures="0" timestamp="25 Aug 2018 16:32:38 GMT" time="0.015" errors="0">
  <testcase name="LoginTest" time="0.002" classname="Automation.Datang"/>
  <testcase name="LoginTest" time="0.002" classname="Automation.Datang"/>
  <testcase name="LoginTest" time="0.011" classname="Automation.Datang"/>
</testsuite> <!-- Automation.Datang -->
