<?xml version="1.0" encoding="UTF-8"?>
<!-- Generated by org.testng.reporters.JUnitReportReporter -->
<testsuite skipped="0" hostname="adminstrator-Latitude-3450" name="Immutable.Test" tests="1" failures="0" timestamp="20 Aug 2018 07:10:32 GMT" time="0.026" errors="0">
  <testcase name="test" time="0.026" classname="Immutable.Test"/>
</testsuite> <!-- Immutable.Test -->
